<?xml version="1.0" encoding="UTF-8"?>
<testng-results skipped="0" failed="0" ignored="0" total="3" passed="3">
  <reporter-output>
  </reporter-output>
  <suite name="Surefire suite" duration-ms="473" started-at="2020-12-28T09:56:34 EST" finished-at="2020-12-28T09:56:34 EST">
    <groups>
      <group name="cucumber">
        <method signature="AbstractTestNGCucumberTests.runScenario(io.cucumber.testng.PickleWrapper, io.cucumber.testng.FeatureWrapper)[pri:0, instance:TestRunner@32709393]" name="runScenario" class="io.cucumber.testng.AbstractTestNGCucumberTests"/>
      </group> <!-- cucumber -->
    </groups>
    <test name="Surefire test" duration-ms="473" started-at="2020-12-28T09:56:34 EST" finished-at="2020-12-28T09:56:34 EST">
      <class name="TestRunner">
        <test-method status="PASS" signature="setUpClass()[pri:0, instance:TestRunner@32709393]" name="setUpClass" is-config="true" duration-ms="231" started-at="2020-12-28T09:56:34 EST" finished-at="2020-12-28T09:56:34 EST">
          <reporter-output>
          </reporter-output>
        </test-method> <!-- setUpClass -->
        <test-method status="PASS" signature="runScenario(io.cucumber.testng.PickleWrapper, io.cucumber.testng.FeatureWrapper)[pri:0, instance:TestRunner@32709393]" name="runScenario" duration-ms="145" started-at="2020-12-28T09:56:34 EST" description="Runs Cucumber Scenarios" data-provider="scenarios" finished-at="2020-12-28T09:56:34 EST">
          <params>
            <param index="0">
              <value>
                <![CDATA["Test drag and drop"]]>
              </value>
            </param>
            <param index="1">
              <value>
                <![CDATA["Optional[Drag N Drop]"]]>
              </value>
            </param>
          </params>
          <reporter-output>
          </reporter-output>
        </test-method> <!-- runScenario -->
        <test-method status="PASS" signature="runScenario(io.cucumber.testng.PickleWrapper, io.cucumber.testng.FeatureWrapper)[pri:0, instance:TestRunner@32709393]" name="runScenario" duration-ms="3" started-at="2020-12-28T09:56:34 EST" description="Runs Cucumber Scenarios" data-provider="scenarios" finished-at="2020-12-28T09:56:34 EST">
          <params>
            <param index="0">
              <value>
                <![CDATA["Sign Up With valid Email address"]]>
              </value>
            </param>
            <param index="1">
              <value>
                <![CDATA["Optional[Sign Up]"]]>
              </value>
            </param>
          </params>
          <reporter-output>
          </reporter-output>
        </test-method> <!-- runScenario -->
        <test-method status="PASS" signature="runScenario(io.cucumber.testng.PickleWrapper, io.cucumber.testng.FeatureWrapper)[pri:0, instance:TestRunner@32709393]" name="runScenario" duration-ms="4" started-at="2020-12-28T09:56:34 EST" description="Runs Cucumber Scenarios" data-provider="scenarios" finished-at="2020-12-28T09:56:34 EST">
          <params>
            <param index="0">
              <value>
                <![CDATA["Sign Up without password"]]>
              </value>
            </param>
            <param index="1">
              <value>
                <![CDATA["Optional[Sign Up]"]]>
              </value>
            </param>
          </params>
          <reporter-output>
          </reporter-output>
        </test-method> <!-- runScenario -->
        <test-method status="PASS" signature="tearDownClass()[pri:0, instance:TestRunner@32709393]" name="tearDownClass" is-config="true" duration-ms="60" started-at="2020-12-28T09:56:34 EST" finished-at="2020-12-28T09:56:34 EST">
          <reporter-output>
          </reporter-output>
        </test-method> <!-- tearDownClass -->
      </class> <!-- TestRunner -->
    </test> <!-- Surefire test -->
  </suite> <!-- Surefire suite -->
</testng-results>
